Dash is running on http://127.0.0.1:8050/

 * Serving Flask app 'app'
 * Debug mode: on
DEBUG: update_chart called. n=1, active_instrument={'key': None, 'label': 'No Instrument Selected'}
DEBUG: update_chart called. n=2, active_instrument={'key': 'NSE_FO|54805', 'label': 'NIFTY 23800 PE (2026-04-13)'}
DEBUG: update_chart called. n=2, instrument=NSE_FO|54805, candles=0
DEBUG: update_chart called. n=3, active_instrument={'key': 'NSE_FO|54805', 'label': 'NIFTY 23800 PE (2026-04-13)'}
DEBUG: update_chart called. n=3, instrument=NSE_FO|54805, candles=0
DEBUG: update_chart called. n=4, active_instrument={'key': 'NSE_FO|54805', 'label': 'NIFTY 23800 PE (2026-04-13)'}
DEBUG: update_chart called. n=4, instrument=NSE_FO|54805, candles=0
Connected to Upstox WSS
Subscribing to pending keys: ['NSE_INDEX|Nifty 50', 'NSE_FO|54805']
Subscribing to: ['NSE_INDEX|Nifty 50', 'NSE_FO|54805']
WSS TICK: NSE_INDEX|Nifty 50 LTP=24050.6 Vol=0 Buy=True
WSS TICK: NSE_FO|54805 LTP=60.35 Vol=65 Buy=True
DEBUG: update_chart called. n=5, active_instrument={'key': 'NSE_FO|54805', 'label': 'NIFTY 23800 PE (2026-04-13)'}
DEBUG: update_chart called. n=5, instrument=NSE_FO|54805, candles=1
DEBUG: update_chart called. n=6, active_instrument={'key': 'NSE_FO|54805', 'label': 'NIFTY 23800 PE (2026-04-13)'}
DEBUG: update_chart called. n=6, instrument=NSE_FO|54805, candles=1
DEBUG: update_chart called. n=7, active_instrument={'key': 'NSE_FO|54805', 'label': 'NIFTY 23800 PE (2026-04-13)'}
DEBUG: update_chart called. n=7, instrument=NSE_FO|54805, candles=1
DEBUG: update_chart called. n=8, active_instrument={'key': 'NSE_FO|54805', 'label': 'NIFTY 23800 PE (2026-04-13)'}
DEBUG: update_chart called. n=8, instrument=NSE_FO|54805, candles=1
DEBUG: update_chart called. n=9, active_instrument={'key': 'NSE_FO|54805', 'label': 'NIFTY 23800 PE (2026-04-13)'}
DEBUG: update_chart called. n=9, instrument=NSE_FO|54805, candles=1
DEBUG: update_chart called. n=10, active_instrument={'key': 'NSE_FO|54805', 'label': 'NIFTY 23800 PE (2026-04-13)'}
DEBUG: update_chart called. n=10, instrument=NSE_FO|54805, candles=1
DEBUG: update_chart called. n=11, active_instrument={'key': 'NSE_FO|54805', 'label': 'NIFTY 23800 PE (2026-04-13)'}
DEBUG: update_chart called. n=11, instrument=NSE_FO|54805, candles=1
