Dash is running on http://127.0.0.1:8050/

 * Serving Flask app 'app'
 * Debug mode: on
DEBUG: update_chart called. n=1, active_instrument={'key': None, 'label': 'No Instrument Selected'}
DEBUG: update_chart called. n=2, active_instrument={'key': None, 'label': 'No Instrument Selected'}
DEBUG: update_chart called. n=3, active_instrument={'key': None, 'label': 'No Instrument Selected'}
DEBUG: update_chart called. n=4, active_instrument={'key': None, 'label': 'No Instrument Selected'}
STARTING MOCK FEED...
DM TICK: NSE_FO|54805 Price=109.06645271778399 Vol=407 @ 2026-04-12 20:38:00
DM TICK: NSE_INDEX|Nifty 50 Price=106.21412383821558 Vol=10 @ 2026-04-12 20:38:00
DEBUG: update_chart called. n=4, active_instrument={'key': 'NSE_FO|54805', 'label': 'NIFTY 23800 PE (2026-04-13)'}
DEBUG: update_chart called. n=4, instrument=NSE_FO|54805, candles=1
DEBUG: update_chart called. n=5, active_instrument={'key': 'NSE_FO|54805', 'label': 'NIFTY 23800 PE (2026-04-13)'}
DEBUG: update_chart called. n=5, instrument=NSE_FO|54805, candles=1
DM TICK: NSE_FO|54805 Price=105.6568718898181 Vol=183 @ 2026-04-12 20:38:00
DM TICK: NSE_INDEX|Nifty 50 Price=106.51885150066866 Vol=294 @ 2026-04-12 20:38:00
DM TICK: NSE_FO|54805 Price=103.1610798018484 Vol=215 @ 2026-04-12 20:38:00
DM TICK: NSE_INDEX|Nifty 50 Price=108.73345693871701 Vol=405 @ 2026-04-12 20:38:00
DEBUG: update_chart called. n=6, active_instrument={'key': 'NSE_FO|54805', 'label': 'NIFTY 23800 PE (2026-04-13)'}
DEBUG: update_chart called. n=6, instrument=NSE_FO|54805, candles=1
DM TICK: NSE_FO|54805 Price=107.04348230903581 Vol=250 @ 2026-04-12 20:38:00
DM TICK: NSE_INDEX|Nifty 50 Price=103.07228520033513 Vol=440 @ 2026-04-12 20:38:00
DM TICK: NSE_FO|54805 Price=106.12990212392631 Vol=60 @ 2026-04-12 20:38:00
DM TICK: NSE_INDEX|Nifty 50 Price=101.92479954275413 Vol=364 @ 2026-04-12 20:38:00
DEBUG: update_chart called. n=7, active_instrument={'key': 'NSE_FO|54805', 'label': 'NIFTY 23800 PE (2026-04-13)'}
DEBUG: update_chart called. n=7, instrument=NSE_FO|54805, candles=1
DM TICK: NSE_FO|54805 Price=104.34908526095707 Vol=257 @ 2026-04-12 20:38:00
DM TICK: NSE_INDEX|Nifty 50 Price=108.12533501570712 Vol=454 @ 2026-04-12 20:38:00
DM TICK: NSE_FO|54805 Price=103.25156297865684 Vol=109 @ 2026-04-12 20:38:00
DM TICK: NSE_INDEX|Nifty 50 Price=106.91989699257351 Vol=473 @ 2026-04-12 20:38:00
DEBUG: update_chart called. n=8, active_instrument={'key': 'NSE_FO|54805', 'label': 'NIFTY 23800 PE (2026-04-13)'}
DEBUG: update_chart called. n=8, instrument=NSE_FO|54805, candles=1
DM TICK: NSE_FO|54805 Price=100.71419639924413 Vol=426 @ 2026-04-12 20:38:00
DM TICK: NSE_INDEX|Nifty 50 Price=103.03143654531081 Vol=194 @ 2026-04-12 20:38:00
DM TICK: NSE_FO|54805 Price=105.7944193991349 Vol=258 @ 2026-04-12 20:38:00
DM TICK: NSE_INDEX|Nifty 50 Price=107.67350317564672 Vol=10 @ 2026-04-12 20:38:00
DEBUG: update_chart called. n=9, active_instrument={'key': 'NSE_FO|54805', 'label': 'NIFTY 23800 PE (2026-04-13)'}
DEBUG: update_chart called. n=9, instrument=NSE_FO|54805, candles=1
DM TICK: NSE_FO|54805 Price=102.3404385300072 Vol=473 @ 2026-04-12 20:38:00
DM TICK: NSE_INDEX|Nifty 50 Price=101.73652721083289 Vol=335 @ 2026-04-12 20:38:00
DM TICK: NSE_FO|54805 Price=105.76566718145256 Vol=360 @ 2026-04-12 20:38:00
DM TICK: NSE_INDEX|Nifty 50 Price=102.3022860299978 Vol=437 @ 2026-04-12 20:38:00
DEBUG: update_chart called. n=10, active_instrument={'key': 'NSE_FO|54805', 'label': 'NIFTY 23800 PE (2026-04-13)'}
DEBUG: update_chart called. n=10, instrument=NSE_FO|54805, candles=1
DM TICK: NSE_FO|54805 Price=103.23847792800751 Vol=102 @ 2026-04-12 20:38:00
DM TICK: NSE_INDEX|Nifty 50 Price=103.3771461794271 Vol=171 @ 2026-04-12 20:38:00
DM TICK: NSE_FO|54805 Price=101.71852876460744 Vol=39 @ 2026-04-12 20:38:00
DM TICK: NSE_INDEX|Nifty 50 Price=100.95881327206556 Vol=164 @ 2026-04-12 20:38:00
DM TICK: NSE_FO|54805 Price=103.8315569076263 Vol=40 @ 2026-04-12 20:38:00
DM TICK: NSE_INDEX|Nifty 50 Price=108.8096178826025 Vol=280 @ 2026-04-12 20:38:00
DM TICK: NSE_FO|54805 Price=108.2082020231344 Vol=198 @ 2026-04-12 20:38:00
DM TICK: NSE_INDEX|Nifty 50 Price=101.98513219628981 Vol=471 @ 2026-04-12 20:38:00
DM TICK: NSE_FO|54805 Price=100.15505049894371 Vol=290 @ 2026-04-12 20:38:00
DM TICK: NSE_INDEX|Nifty 50 Price=101.10319631780442 Vol=385 @ 2026-04-12 20:38:00
DM TICK: NSE_FO|54805 Price=100.32505548219727 Vol=192 @ 2026-04-12 20:38:00
DM TICK: NSE_INDEX|Nifty 50 Price=105.7057793816966 Vol=329 @ 2026-04-12 20:38:00
DM TICK: NSE_FO|54805 Price=101.87847621209606 Vol=189 @ 2026-04-12 20:39:00
DM TICK: NSE_INDEX|Nifty 50 Price=109.96142565638337 Vol=231 @ 2026-04-12 20:39:00
DM TICK: NSE_FO|54805 Price=101.01655463466604 Vol=330 @ 2026-04-12 20:39:00
DM TICK: NSE_INDEX|Nifty 50 Price=108.68530211213393 Vol=281 @ 2026-04-12 20:39:00
DM TICK: NSE_FO|54805 Price=104.17147335493156 Vol=291 @ 2026-04-12 20:39:00
DM TICK: NSE_INDEX|Nifty 50 Price=105.91812730878438 Vol=58 @ 2026-04-12 20:39:00
DM TICK: NSE_FO|54805 Price=109.94484865533848 Vol=263 @ 2026-04-12 20:39:00
DM TICK: NSE_INDEX|Nifty 50 Price=103.35710493499843 Vol=123 @ 2026-04-12 20:39:00
DM TICK: NSE_FO|54805 Price=106.78581809018341 Vol=376 @ 2026-04-12 20:39:00
DM TICK: NSE_INDEX|Nifty 50 Price=107.6094459750758 Vol=129 @ 2026-04-12 20:39:00
DM TICK: NSE_FO|54805 Price=104.4368821580992 Vol=163 @ 2026-04-12 20:39:00
DM TICK: NSE_INDEX|Nifty 50 Price=104.51686523748248 Vol=476 @ 2026-04-12 20:39:00
DM TICK: NSE_FO|54805 Price=105.03917654754521 Vol=311 @ 2026-04-12 20:39:00
DM TICK: NSE_INDEX|Nifty 50 Price=100.8798546876187 Vol=337 @ 2026-04-12 20:39:00
DM TICK: NSE_FO|54805 Price=105.73287377639338 Vol=295 @ 2026-04-12 20:39:00
DM TICK: NSE_INDEX|Nifty 50 Price=102.3090217703965 Vol=126 @ 2026-04-12 20:39:00
DM TICK: NSE_FO|54805 Price=104.34247794537593 Vol=461 @ 2026-04-12 20:39:00
DM TICK: NSE_INDEX|Nifty 50 Price=106.4848558390116 Vol=216 @ 2026-04-12 20:39:00
DM TICK: NSE_FO|54805 Price=108.79783894152835 Vol=261 @ 2026-04-12 20:39:00
DM TICK: NSE_INDEX|Nifty 50 Price=103.90017729103239 Vol=242 @ 2026-04-12 20:39:00
DM TICK: NSE_FO|54805 Price=103.70395440711391 Vol=496 @ 2026-04-12 20:39:00
DM TICK: NSE_INDEX|Nifty 50 Price=108.9304774860973 Vol=147 @ 2026-04-12 20:39:00
DM TICK: NSE_FO|54805 Price=105.00235237853839 Vol=121 @ 2026-04-12 20:39:00
DM TICK: NSE_INDEX|Nifty 50 Price=106.58366829842056 Vol=318 @ 2026-04-12 20:39:00
DM TICK: NSE_FO|54805 Price=103.9734249142107 Vol=357 @ 2026-04-12 20:39:00
DM TICK: NSE_INDEX|Nifty 50 Price=105.20659089996471 Vol=75 @ 2026-04-12 20:39:00
DM TICK: NSE_FO|54805 Price=107.38432844070083 Vol=291 @ 2026-04-12 20:39:00
DM TICK: NSE_INDEX|Nifty 50 Price=106.35888515258135 Vol=158 @ 2026-04-12 20:39:00
DM TICK: NSE_FO|54805 Price=101.20696855264784 Vol=463 @ 2026-04-12 20:39:00
DM TICK: NSE_INDEX|Nifty 50 Price=104.5466050415148 Vol=287 @ 2026-04-12 20:39:00
DM TICK: NSE_FO|54805 Price=105.84066455942863 Vol=377 @ 2026-04-12 20:39:00
DM TICK: NSE_INDEX|Nifty 50 Price=101.15741839370571 Vol=165 @ 2026-04-12 20:39:00
DM TICK: NSE_FO|54805 Price=106.6864009756484 Vol=161 @ 2026-04-12 20:39:00
DM TICK: NSE_INDEX|Nifty 50 Price=100.51492932040314 Vol=75 @ 2026-04-12 20:39:00
DM TICK: NSE_FO|54805 Price=102.06114641144379 Vol=101 @ 2026-04-12 20:39:00
DM TICK: NSE_INDEX|Nifty 50 Price=105.57935280657979 Vol=482 @ 2026-04-12 20:39:00
DM TICK: NSE_FO|54805 Price=101.74406009312102 Vol=177 @ 2026-04-12 20:39:00
DM TICK: NSE_INDEX|Nifty 50 Price=102.98936970498616 Vol=120 @ 2026-04-12 20:39:00
DM TICK: NSE_FO|54805 Price=104.96054717441046 Vol=317 @ 2026-04-12 20:39:00
DM TICK: NSE_INDEX|Nifty 50 Price=103.9032347122405 Vol=319 @ 2026-04-12 20:39:00
DM TICK: NSE_FO|54805 Price=105.38663414227385 Vol=76 @ 2026-04-12 20:39:00
DM TICK: NSE_INDEX|Nifty 50 Price=100.53118566901401 Vol=236 @ 2026-04-12 20:39:00
DM TICK: NSE_FO|54805 Price=100.15192592907702 Vol=497 @ 2026-04-12 20:39:00
DM TICK: NSE_INDEX|Nifty 50 Price=107.96236614913732 Vol=202 @ 2026-04-12 20:39:00
DM TICK: NSE_FO|54805 Price=100.81718378775881 Vol=379 @ 2026-04-12 20:39:00
DM TICK: NSE_INDEX|Nifty 50 Price=108.70831797628145 Vol=138 @ 2026-04-12 20:39:00
DM TICK: NSE_FO|54805 Price=109.17988528550073 Vol=288 @ 2026-04-12 20:39:00
DM TICK: NSE_INDEX|Nifty 50 Price=105.3993802936422 Vol=223 @ 2026-04-12 20:39:00
DM TICK: NSE_FO|54805 Price=102.21909668749007 Vol=386 @ 2026-04-12 20:39:00
DM TICK: NSE_INDEX|Nifty 50 Price=105.45853030898517 Vol=134 @ 2026-04-12 20:39:00
